135bp 104.244 91.9192 84.7049
193XPbp 125.161 100.698 101.743
360b 84.0026 67.9066 76.4292
365bp 1480 1146.67 1077.8
500bp 2990.36 2290.75 2082.09
Baggins1 996.561 1072.56 1027.17
BARI1 137.643 112.317 89.573
BATUMI 326.902 378.779 333.465
BEL 107.955 102.247 94.928
BLASTOPIA 109.642 98.116 82.7577
BS2 570.813 594.118 517.966
DIVER2 218.609 261.815 227.827
DM1731 70.1709 75.6526 78.3764
DM412 190.271 157.502 154.806
DM412B_LTR 56.0018 78.751 65.2325
DMCR1A 731.059 700.755 727.294
DMRT1A 84.34 90.37 110.993
DMRT1B 363.674 460.371 419.63
DMRT1C 476.352 593.085 609.973
DMTOM1_LTR 74.5566 67.6484 69.6138
DNAREP1_DSim 1024.56 1000.52 953.174
DOC2 115.377 115.932 103.204
DOC3 169.017 163.182 165.515
FB4 121.112 95.2758 86.6522
FW 602.862 606.254 538.899
G5 294.515 300.287 324.702
Gypsy-11_DSim 107.28 122.645 119.268
Gypsy-12_DSim 77.9302 66.6156 73.0215
Gypsy-13_DSim 290.804 349.345 319.834
Gypsy-13_DSim-LTR 140.004 178.158 203
Gypsy-1_DSim 338.372 276.274 292.086
Gypsy-26_DYa 55.327 67.132 76.916
Gypsy-2_DSe 59.038 57.0622 68.6402
Gypsy-4_DSim 218.272 164.99 147.017
Gypsy-6_DSe 62.749 60.4188 57.9304
Gypsy-7_DSim 68.1467 75.3944 76.4292
Gypsy-8_DSim 79.617 70.2304 66.2062
Gypsy-9_DSim 76.2434 73.0706 65.2325
Helena_Ds 67.1346 63.7754 82.2709
Heta-1_D 59.7127 76.4272 64.7457
Heta-3 58.0259 75.3944 59.8776
HMSBEAGLE 68.8214 82.624 69.6138
HOBO 79.2796 79.5256 72.0479
I 151.812 147.949 161.134
Invader2 157.547 123.936 121.216
IVK_DM 78.6049 72.0378 73.5083
Jockey-1_DSi 824.508 882.786 778.896
Jockey-3_anc-like 579.247 727.608 593.908
Jockey-3_dmel-like 256.731 298.221 222.472
Jockey-5_DYa 133.932 128.325 125.11
MAX 316.106 322.492 348.556
MDG1 80.9664 77.46 88.1126
NINJA 92.4366 117.481 120.242
PROTOP 300.588 306.483 269.206
PROTOP_A 124.823 127.809 120.242
R1_DSi 294.515 331.271 352.937
ROOA 156.198 136.588 145.556
ROO 217.26 235.737 204.46
TART-A 102.895 98.6324 87.6258
Transib-1_DRh 82.9906 61.1934 76.916
