135bp 357.355 455.341 360.658
500bp 2903.62 4092.71 2644.53
90bp 38.8494 42.896 50.2297
ACCORD2 39.1459 38.6064 42.0844
Baggins1 415.184 384.563 418.581
BATUMI 186.536 180.378 189.606
BEL-2_DSe 51.898 50.1883 65.6154
BEL 51.0083 41.8236 57.0175
BS2 195.136 150.994 182.818
DIVER2 157.77 122.039 159.287
DM1731 46.5599 43.325 57.47
DM297 47.4496 42.896 42.5369
DM412 62.8707 61.3413 76.9284
DMCR1A 1961.15 2287.21 1989.73
DMRT1B 559.016 502.098 525.376
DMRT1C 255.338 212.764 281.92
DMTOM1_LTR 102.313 96.7305 83.7162
DNAREP1_DSim 541.815 559.578 588.729
DOC2 53.0842 53.8345 60.6377
DOC3 94.0095 88.5802 94.5767
FB4 42.4081 51.9042 44.7995
FW 182.088 173.729 193.226
G5A 55.4567 40.3222 41.1793
G5 231.317 212.55 234.858
G6_ 41.5184 51.4752 39.8218
Gypsy-11_DSim 74.4366 78.9286 99.1019
Gypsy-12_DSim 65.2432 78.9286 62.9003
Gypsy-13_DSim 177.046 127.187 170.6
Gypsy-13_DSim-LTR 91.3405 72.2798 95.9342
Gypsy-1_DSe 76.2159 72.4942 81.4536
Gypsy-1_DSim 51.3049 57.2662 63.8053
Gypsy-3_DSe 46.2634 51.2607 56.1125
Gypsy-5_DSe 332.444 391.64 246.623
Gypsy-6_DSe 54.8636 63.0571 48.8722
Helena_Ds 59.0154 62.8426 73.3082
HETA 1275.8 1318.41 1065.68
Heta-1_D 1070.29 1209.45 896.442
Heta-3 39.1459 58.7675 40.2743
Heta-5 470.641 532.339 391.43
HMSBEAGLE 50.1186 44.6118 57.0175
HOBO 48.0427 43.7539 53.8499
I 115.658 108.527 125.801
Jockey-1_DSi 60.7948 47.1856 52.9448
Jockey-3_anc-like 71.1744 57.4806 59.7326
Jockey-3_dmel-like 6076.22 5716.75 5361.46
Jockey-5_DYa 103.796 101.02 97.2918
LINEJ1_DM 53.3808 53.8345 60.6377
MAX 212.634 182.522 211.327
MDG1 305.753 407.083 299.116
NINJA 104.389 82.3603 98.1968
NTS_240_Dsec 206.999 238.287 235.763
PROTOP 84.8162 110.672 104.532
R1_DSe 869.217 788.857 817.704
ROOA 68.2088 56.6227 89.599
ROO 129.597 102.521 136.661
RSP-LIKE 1240.51 1420.29 1062.97
TAHRE 1837.78 2153.16 1665.73
TART-A 1234.88 1218.68 1083.79
TIRANT 59.312 45.4698 59.2801
Transib-1_DRh 53.9739 41.1802 48.4196
