135bp 146.475 111.802 70.2756
193bp 111.46 88.225 67.0221
360bp 140.862 147.168 87.1938
365bp 3332.84 3571.97 1013.14
500bp 4522.01 4945.54 1630.65
Baggins1 986.3 771.588 744.401
BATUMI 365.653 277.985 283.705
BEL-2_DSe 65.7533 58.9434 58.563
BEL 71.0991 63.5068 67.0221
BLASTOPIA 112.262 95.8306 67.0221
BS2 354.159 270.379 299.322
BURDOCK 150.752 168.844 85.8924
Chimpo 41.9645 36.5069 47.5011
Copia2 50.7851 42.2111 37.0899
DIVER2 545.272 439.984 415.797
DIVER2_LTR 82.058 69.5912 65.07
DM297 102.105 94.3094 38.3913
DMCR1A 1496.29 1462.56 854.369
DMRT1A 106.114 75.2954 94.3515
DMRT1B 474.172 404.998 449.634
DMRT1C 629.201 455.195 583.027
DMTOM1_LTR 89.5422 90.5066 65.7207
DNAREP1_DSim 774.874 761.321 629.227
DOC2 198.062 173.027 139.9
DOC3 144.337 120.929 107.365
FB4 100.768 81.3799 45.549
FW 732.375 716.448 411.893
G5 300.969 225.126 213.43
Gypsy-11_DSim 126.161 101.915 89.1459
Gypsy-13_DSim 207.952 161.239 170.483
Gypsy-13_DSim-LTR 157.167 117.507 130.791
Gypsy-1_DSe 81.2562 82.901 52.056
Gypsy-1_DSim 90.6113 95.07 58.563
Gypsy-4_DSim 68.4262 59.3237 43.5969
Gypsy-7_DSim 67.6244 48.2956 63.1179
Helena_Ds 90.6113 69.5912 67.0221
HMSBEAGLE 391.58 357.463 144.455
HOBO 123.488 137.661 106.064
I 82.058 81.3799 61.1658
IVK 134.714 123.211 67.0221
Jockey-1_DSi 1687.94 1693.39 974.098
Jockey-3_dmel-like 5720.27 5270.68 3914.61
Jockey-5_DYa 108.787 104.957 94.3515
Mariner-1_DSim 274.24 282.928 165.928
MAX 339.458 254.027 291.514
NINJA 116.271 87.8447 111.92
NTS_240_Dsim 161.443 139.563 119.078
PROTOP 169.996 176.45 108.016
PROTOP_A 48.1122 36.8872 36.4392
R1_DSi 251.253 169.985 214.08
ROOA 112.262 93.5489 85.2417
ROO 172.937 182.915 180.244
Transib-1_DRh 52.1216 55.9012 51.4053
